<?xml version="1.0" encoding="UTF-8"?>
<testsuite xmlns:xsi="http://www.w3.org/2001/XMLSchema-instance" xsi:noNamespaceSchemaLocation="https://maven.apache.org/surefire/maven-surefire-plugin/xsd/surefire-test-report-3.0.xsd" version="3.0" name="TestSuite" time="7.644" tests="8" errors="0" skipped="4" failures="3">
  <properties>
[...]
</properties>
  <testcase name="beforeTest" classname="testcases.LoginTest" time="0">
    <skipped message="Skip Test Login"/>
    <system-err><![CDATA[SLF4J: Failed to load class "org.slf4j.impl.StaticLoggerBinder".
SLF4J: Defaulting to no-operation (NOP) logger implementation
SLF4J: See http://www.slf4j.org/codes.html#StaticLoggerBinder for further details.
]]></system-err>
  </testcase>
  <testcase name="useridtest" classname="testcases.LoginTest" time="0">
    <skipped message="Skip Test Login"/>
  </testcase>
  <testcase name="passwordtest" classname="testcases.LoginTest" time="0">
    <skipped message="Method testcases.LoginTest.passwordtest() on instance testcases.LoginTest@4c9f8c13 depends on not successfully finished methods &#10;[testcases.LoginTest.useridtest() on instance testcases.LoginTest@4c9f8c13]"/>
  </testcase>
  <testcase name="afterTest" classname="testcases.LoginTest" time="0">
    <skipped/>
  </testcase>
  <testcase name="search" classname="testcases.ProductSearchTest" time="0.008">
    <failure message="Cannot invoke &quot;com.aventstack.extentreports.ExtentReports.createTest(String)&quot; because &quot;core.Hook.extent&quot; is null" type="java.lang.NullPointerException"><![CDATA[java.lang.NullPointerException: Cannot invoke "com.aventstack.extentreports.ExtentReports.createTest(String)" because "core.Hook.extent" is null
	at testcases.ProductSearchTest.search(ProductSearchTest.java:22)
]]></failure>
    <system-out><![CDATA[connected to excel WB..
]]></system-out>
  </testcase>
  <testcase name="search" classname="testcases.ProductSearchTest" time="0">
    <failure message="Cannot invoke &quot;com.aventstack.extentreports.ExtentReports.createTest(String)&quot; because &quot;core.Hook.extent&quot; is null" type="java.lang.NullPointerException"><![CDATA[java.lang.NullPointerException: Cannot invoke "com.aventstack.extentreports.ExtentReports.createTest(String)" because "core.Hook.extent" is null
	at testcases.ProductSearchTest.search(ProductSearchTest.java:22)
]]></failure>
  </testcase>
  <testcase name="search" classname="testcases.ProductSearchTest" time="0">
    <failure message="Cannot invoke &quot;com.aventstack.extentreports.ExtentReports.createTest(String)&quot; because &quot;core.Hook.extent&quot; is null" type="java.lang.NullPointerException"><![CDATA[java.lang.NullPointerException: Cannot invoke "com.aventstack.extentreports.ExtentReports.createTest(String)" because "core.Hook.extent" is null
	at testcases.ProductSearchTest.search(ProductSearchTest.java:22)
]]></failure>
  </testcase>
  <testcase name="forgettest" classname="testcases.ForgetPwdTest" time="2.084"/>
</testsuite>